<?xml version="1.0" encoding="utf-8"?><testsuites name="pytest tests"><testsuite name="pytest" errors="0" failures="13" skipped="0" tests="302" time="1.854" timestamp="2026-02-07T04:54:57.763961+08:00" hostname="jiangyayundeMacBook-Pro.local"><testcase classname="tests.decision.test_cancellation_handler.TestCancellationHandler" name="test_initialization" time="0.001" /><testcase classname="tests.decision.test_cancellation_handler.TestCancellationHandler" name="test_handle_request_valid_cancellation" time="0.001" /><testcase classname="tests.decision.test_cancellation_handler.TestCancellationHandler" name="test_handle_request_invalid_data" time="0.001" /><testcase classname="tests.decision.test_cancellation_handler.TestCancellationHandler" name="test_handle_task_cancellation_running" time="0.001" /><testcase classname="tests.decision.test_cancellation_handler.TestCancellationHandler" name="test_handle_task_cancellation_completed" time="0.001" /><testcase classname="tests.decision.test_cancellation_handler.TestCancellationHandler" name="test_handle_task_id_cancellation" time="0.001" /><testcase classname="tests.decision.test_cancellation_handler.TestCancellationHandler" name="test_handle_task_id_not_found" time="0.001" /><testcase classname="tests.decision.test_cancellation_handler.TestCancellationHandler" name="test_handle_multiple_active_tasks" time="0.001" /><testcase classname="tests.decision.test_cancellation_handler.TestCancellationHandler" name="test_handle_no_active_tasks" time="0.001" /><testcase classname="tests.decision.test_cancellation_handler.TestCancellationHandler" name="test_handle_single_active_task" time="0.001" /><testcase classname="tests.decision.test_cancellation_handler.TestCancellationHandler" name="test_cancellation_request_validation" time="0.000" /><testcase classname="tests.decision.test_cancellation_handler.TestCancellationHandler" name="test_cancellation_request_with_reason_and_context" time="0.000" /><testcase classname="tests.decision.test_cancellation_handler.TestCancellationHandler" name="test_validate_cancellation_request" time="0.001" /><testcase classname="tests.decision.test_correction_handler.TestCorrectionHandler" name="test_initialization" time="0.000" /><testcase classname="tests.decision.test_correction_handler.TestCorrectionHandler" name="test_handle_request_valid_correction" time="0.001" /><testcase classname="tests.decision.test_correction_handler.TestCorrectionHandler" name="test_handle_request_invalid_data" time="0.001" /><testcase classname="tests.decision.test_correction_handler.TestCorrectionHandler" name="test_handle_task_correction_running" time="0.001" /><testcase classname="tests.decision.test_correction_handler.TestCorrectionHandler" name="test_handle_task_correction_completed" time="0.001" /><testcase classname="tests.decision.test_correction_handler.TestCorrectionHandler" name="test_handle_task_correction_failed" time="0.001" /><testcase classname="tests.decision.test_correction_handler.TestCorrectionHandler" name="test_handle_message_correction" time="0.001" /><testcase classname="tests.decision.test_correction_handler.TestCorrectionHandler" name="test_handle_general_correction" time="0.001" /><testcase classname="tests.decision.test_correction_handler.TestCorrectionHandler" name="test_correction_request_validation" time="0.000" /><testcase classname="tests.decision.test_correction_handler.TestCorrectionHandler" name="test_correction_request_with_task_and_context" time="0.000" /><testcase classname="tests.decision.test_correction_handler.TestCorrectionHandler" name="test_analyze_correction_type" time="0.001" /><testcase classname="tests.decision.test_decision_maker.TestExecutionDecisionMaker" name="test_initialization" time="0.001" /><testcase classname="tests.decision.test_decision_maker.TestExecutionDecisionMaker" name="test_make_decision_with_valid_request_type" time="0.001" /><testcase classname="tests.decision.test_decision_maker.TestExecutionDecisionMaker" name="test_make_decision_with_unsupported_request_type" time="0.001" /><testcase classname="tests.decision.test_decision_maker.TestExecutionDecisionMaker" name="test_make_decision_with_handler_error" time="0.001" /><testcase classname="tests.decision.test_decision_maker.TestExecutionDecisionMaker" name="test_register_and_get_handler" time="0.000" /><testcase classname="tests.decision.test_decision_maker.TestExecutionDecisionMaker" name="test_list_supported_request_types" time="0.000" /><testcase classname="tests.decision.test_decision_maker.TestExecutionDecisionMaker" name="test_decision_request_validation" time="0.000" /><testcase classname="tests.decision.test_decision_maker.TestDecisionResult" name="test_decision_result_creation" time="0.000" /><testcase classname="tests.decision.test_decision_maker.TestDecisionResult" name="test_decision_result_with_data_and_message" time="0.000" /><testcase classname="tests.decision.test_decision_maker.TestDecisionResult" name="test_decision_result_failure" time="0.000" /><testcase classname="tests.decision.test_new_message_handler.TestNewMessageHandler" name="test_initialization" time="0.000" /><testcase classname="tests.decision.test_new_message_handler.TestNewMessageHandler" name="test_handle_request_valid_message" time="0.000" /><testcase classname="tests.decision.test_new_message_handler.TestNewMessageHandler" name="test_handle_request_invalid_data" time="0.001" /><testcase classname="tests.decision.test_new_message_handler.TestNewMessageHandler" name="test_handle_cancel_message" time="0.000" /><testcase classname="tests.decision.test_new_message_handler.TestNewMessageHandler" name="test_handle_correction_message" time="0.000" /><testcase classname="tests.decision.test_new_message_handler.TestNewMessageHandler" name="test_handle_query_message" time="0.000" /><testcase classname="tests.decision.test_new_message_handler.TestNewMessageHandler" name="test_handle_other_message" time="0.000" /><testcase classname="tests.decision.test_new_message_handler.TestNewMessageHandler" name="test_new_message_request_validation" time="0.000" /><testcase classname="tests.decision.test_new_message_handler.TestNewMessageHandler" name="test_new_message_request_with_type" time="0.000" /><testcase classname="tests.decision.test_new_message_handler.TestNewMessageHandler" name="test_should_create_task" time="0.000" /><testcase classname="tests.decision.test_new_message_handler.TestNewMessageHandler" name="test_extract_intent" time="0.000" /><testcase classname="tests.decision.test_subagent_result_handler.TestSubagentResultHandler" name="test_initialization" time="0.000" /><testcase classname="tests.decision.test_subagent_result_handler.TestSubagentResultHandler" name="test_handle_request_valid_result" time="0.001" /><testcase classname="tests.decision.test_subagent_result_handler.TestSubagentResultHandler" name="test_handle_request_invalid_data" time="0.001" /><testcase classname="tests.decision.test_subagent_result_handler.TestSubagentResultHandler" name="test_handle_success_result_no_next_step" time="0.001" /><testcase classname="tests.decision.test_subagent_result_handler.TestSubagentResultHandler" name="test_handle_success_result_with_next_step" time="0.001" /><testcase classname="tests.decision.test_subagent_result_handler.TestSubagentResultHandler" name="test_handle_error_result_retry_available" time="0.001" /><testcase classname="tests.decision.test_subagent_result_handler.TestSubagentResultHandler" name="test_handle_error_result_no_retry" time="0.001" /><testcase classname="tests.decision.test_subagent_result_handler.TestSubagentResultHandler" name="test_handle_cancelled_result" time="0.001" /><testcase classname="tests.decision.test_subagent_result_handler.TestSubagentResultHandler" name="test_handle_unknown_status" time="0.001" /><testcase classname="tests.decision.test_subagent_result_handler.TestSubagentResultHandler" name="test_handle_no_task" time="0.000" /><testcase classname="tests.decision.test_subagent_result_handler.TestSubagentResultHandler" name="test_subagent_result_request_validation" time="0.000" /><testcase classname="tests.decision.test_subagent_result_handler.TestSubagentResultHandler" name="test_subagent_result_request_with_error" time="0.000" /><testcase classname="tests.planner.test_cancellation_detector.TestCancellationDetector" name="test_initialization" time="0.000" /><testcase classname="tests.planner.test_cancellation_detector.TestCancellationDetector" name="test_is_cancellation_explicit" time="0.000" /><testcase classname="tests.planner.test_cancellation_detector.TestCancellationDetector" name="test_is_cancellation_confirmation" time="0.000" /><testcase classname="tests.planner.test_cancellation_detector.TestCancellationDetector" name="test_is_cancellation_implied" time="0.000" /><testcase classname="tests.planner.test_cancellation_detector.TestCancellationDetector" name="test_is_cancellation_error" time="0.000" /><testcase classname="tests.planner.test_cancellation_detector.TestCancellationDetector" name="test_is_not_cancellation" time="0.000" /><testcase classname="tests.planner.test_cancellation_detector.TestCancellationDetector" name="test_get_reason" time="0.001"><failure message="AssertionError: assert '网络' in '用户主动取消'">tests/planner/test_cancellation_detector.py:102: in test_get_reason
    assert "网络" in reason
E   AssertionError: assert '网络' in '用户主动取消'</failure></testcase><testcase classname="tests.planner.test_cancellation_detector.TestCancellationDetector" name="test_get_reason_default" time="0.001" /><testcase classname="tests.planner.test_cancellation_detector.TestCancellationDetector" name="test_is_confirmation" time="0.001" /><testcase classname="tests.planner.test_cancellation_detector.TestCancellationDetector" name="test_get_confidence" time="0.001"><failure message="assert 1.0 &lt; 0.9">tests/planner/test_cancellation_detector.py:138: in test_get_confidence
    assert 0.7 &lt; medium_confidence &lt; 0.9
E   assert 1.0 &lt; 0.9</failure></testcase><testcase classname="tests.planner.test_cancellation_detector.TestCancellationDetector" name="test_needs_confirmation" time="0.001" /><testcase classname="tests.planner.test_cancellation_detector.TestCancellationDetector" name="test_get_cancellation_type" time="0.001" /><testcase classname="tests.planner.test_cancellation_detector.TestCancellationDetector" name="test_extract_cancellation_target" time="0.001" /><testcase classname="tests.planner.test_cancellation_detector.TestCancellationDetector" name="test_no_cancellation_target" time="0.001" /><testcase classname="tests.planner.test_cancellation_detector.TestCancellationDetector" name="test_cancellation_with_reason" time="0.001"><failure message="AssertionError: assert '程序' in '出错了，取消任务'">tests/planner/test_cancellation_detector.py:207: in test_cancellation_with_reason
    assert "程序" in reason
E   AssertionError: assert '程序' in '出错了，取消任务'</failure></testcase><testcase classname="tests.planner.test_cancellation_detector.TestCancellationDetector" name="test_confidence_comparison" time="0.000"><failure message="assert 1.0 &gt; 1.0">tests/planner/test_cancellation_detector.py:231: in test_confidence_comparison
    assert confirmation_confidence &gt; explicit_confidence &gt; implied_confidence
E   assert 1.0 &gt; 1.0</failure></testcase><testcase classname="tests.planner.test_complexity_analyzer.TestComplexityAnalyzer" name="test_initialization" time="0.001" /><testcase classname="tests.planner.test_complexity_analyzer.TestComplexityAnalyzer" name="test_analyze_complexity_code_generation" time="0.001" /><testcase classname="tests.planner.test_complexity_analyzer.TestComplexityAnalyzer" name="test_analyze_complexity_text_summarization" time="0.001" /><testcase classname="tests.planner.test_complexity_analyzer.TestComplexityAnalyzer" name="test_analyze_complexity_data_analysis" time="0.001" /><testcase classname="tests.planner.test_complexity_analyzer.TestComplexityAnalyzer" name="test_analyze_complexity_web_search" time="0.001" /><testcase classname="tests.planner.test_complexity_analyzer.TestComplexityAnalyzer" name="test_analyze_detailed" time="0.001" /><testcase classname="tests.planner.test_complexity_analyzer.TestComplexityAnalyzer" name="test_is_complex" time="0.001" /><testcase classname="tests.planner.test_complexity_analyzer.TestComplexityAnalyzer" name="test_get_complexity_category" time="0.001" /><testcase classname="tests.planner.test_complexity_analyzer.TestComplexityAnalyzer" name="test_complexity_comparison" time="0.001" /><testcase classname="tests.planner.test_complexity_analyzer.TestComplexityAnalyzer" name="test_length_feature" time="0.001" /><testcase classname="tests.planner.test_complexity_analyzer.TestComplexityAnalyzer" name="test_domain_terms_feature" time="0.001" /><testcase classname="tests.planner.test_correction_detector.TestCorrectionDetector" name="test_initialization" time="0.001" /><testcase classname="tests.planner.test_correction_detector.TestCorrectionDetector" name="test_detect_correction_change" time="0.001" /><testcase classname="tests.planner.test_correction_detector.TestCorrectionDetector" name="test_detect_correction_add" time="0.001" /><testcase classname="tests.planner.test_correction_detector.TestCorrectionDetector" name="test_detect_correction_remove" time="0.001"><failure message="assert None is not None">tests/planner/test_correction_detector.py:70: in test_detect_correction_remove
    assert correction is not None
E   assert None is not None</failure></testcase><testcase classname="tests.planner.test_correction_detector.TestCorrectionDetector" name="test_detect_correction_fix" time="0.001" /><testcase classname="tests.planner.test_correction_detector.TestCorrectionDetector" name="test_detect_correction_improve" time="0.001" /><testcase classname="tests.planner.test_correction_detector.TestCorrectionDetector" name="test_detect_correction_clarify" time="0.001" /><testcase classname="tests.planner.test_correction_detector.TestCorrectionDetector" name="test_detect_correction_negation" time="0.001" /><testcase classname="tests.planner.test_correction_detector.TestCorrectionDetector" name="test_is_correction" time="0.001" /><testcase classname="tests.planner.test_correction_detector.TestCorrectionDetector" name="test_get_correction_type" time="0.001" /><testcase classname="tests.planner.test_correction_detector.TestCorrectionDetector" name="test_get_correction_target" time="0.001" /><testcase classname="tests.planner.test_correction_detector.TestCorrectionDetector" name="test_detect_correction_from_context" time="0.001"><failure message="AssertionError: assert 'change' == 'adjust'&#10;  &#10;  - adjust&#10;  + change">tests/planner/test_correction_detector.py:185: in test_detect_correction_from_context
    assert correction.type == "adjust"
E   AssertionError: assert 'change' == 'adjust'
E     
E     - adjust
E     + change</failure></testcase><testcase classname="tests.planner.test_correction_detector.TestCorrectionDetector" name="test_no_correction_without_context" time="0.001"><failure message="AssertionError: assert Correction(type='change', content='修改这个函数', target='这个函数', confidence=1.0) is None">tests/planner/test_correction_detector.py:195: in test_no_correction_without_context
    assert correction is None
E   AssertionError: assert Correction(type='change', content='修改这个函数', target='这个函数', confidence=1.0) is None</failure></testcase><testcase classname="tests.planner.test_correction_detector.TestCorrectionDetector" name="test_related_to_last_task" time="0.001"><failure message="AssertionError: assert Correction(type='change', content='修改代码', target='代码', confidence=1.0) is None">tests/planner/test_correction_detector.py:208: in test_related_to_last_task
    assert correction is None
E   AssertionError: assert Correction(type='change', content='修改代码', target='代码', confidence=1.0) is None</failure></testcase><testcase classname="tests.planner.test_correction_detector.TestCorrectionDetector" name="test_confidence_levels" time="0.001"><failure message="AssertionError: assert 1.0 &lt; 0.8&#10; +  where 1.0 = Correction(type='change', content='调整这个参数', target=None, confidence=1.0).confidence">tests/planner/test_correction_detector.py:223: in test_confidence_levels
    assert 0.5 &lt; medium_correction.confidence &lt; 0.8
E   AssertionError: assert 1.0 &lt; 0.8
E    +  where 1.0 = Correction(type='change', content='调整这个参数', target=None, confidence=1.0).confidence</failure></testcase><testcase classname="tests.planner.test_task_detector.TestTaskDetector" name="test_initialization" time="0.000" /><testcase classname="tests.planner.test_task_detector.TestTaskDetector" name="test_detect_task_type_code_generation" time="0.001" /><testcase classname="tests.planner.test_task_detector.TestTaskDetector" name="test_detect_task_type_text_summarization" time="0.000" /><testcase classname="tests.planner.test_task_detector.TestTaskDetector" name="test_detect_task_type_data_analysis" time="0.000" /><testcase classname="tests.planner.test_task_detector.TestTaskDetector" name="test_detect_task_type_web_search" time="0.001" /><testcase classname="tests.planner.test_task_detector.TestTaskDetector" name="test_detect_task_type_file_operation" time="0.000" /><testcase classname="tests.planner.test_task_detector.TestTaskDetector" name="test_detect_task_type_system_command" time="0.000" /><testcase classname="tests.planner.test_task_detector.TestTaskDetector" name="test_detect_task_type_other" time="0.000" /><testcase classname="tests.planner.test_task_detector.TestTaskDetector" name="test_detect_task_type_detailed" time="0.000" /><testcase classname="tests.planner.test_task_detector.TestTaskDetector" name="test_is_task_type" time="0.000" /><testcase classname="tests.planner.test_task_detector.TestTaskDetector" name="test_get_confidence" time="0.000" /><testcase classname="tests.planner.test_task_detector.TestTaskDetector" name="test_has_multiple_matches" time="0.000" /><testcase classname="tests.planner.test_task_detector.TestTaskDetector" name="test_get_top_task_types" time="0.000" /><testcase classname="tests.planner.test_task_detector.TestTaskDetector" name="test_confidence_threshold" time="0.000" /><testcase classname="tests.planner.test_task_planner.TestTaskPlanner" name="test_initialization" time="0.000" /><testcase classname="tests.planner.test_task_planner.TestTaskPlanner" name="test_plan_task_code_generation" time="0.000" /><testcase classname="tests.planner.test_task_planner.TestTaskPlanner" name="test_plan_task_text_summarization" time="0.000" /><testcase classname="tests.planner.test_task_planner.TestTaskPlanner" name="test_plan_task_data_analysis" time="0.000" /><testcase classname="tests.planner.test_task_planner.TestTaskPlanner" name="test_plan_task_web_search" time="0.001" /><testcase classname="tests.planner.test_task_planner.TestTaskPlanner" name="test_plan_task_cancellation" time="0.000" /><testcase classname="tests.planner.test_task_planner.TestTaskPlanner" name="test_plan_task_correction" time="0.000"><failure message="AssertionError: assert 'cancel' == 'correct'&#10;  &#10;  - correct&#10;  + cancel">tests/planner/test_task_planner.py:91: in test_plan_task_correction
    assert result["action"] == "correct"
E   AssertionError: assert 'cancel' == 'correct'
E     
E     - correct
E     + cancel</failure></testcase><testcase classname="tests.planner.test_task_planner.TestTaskPlanner" name="test_is_complex_task" time="0.000"><failure message="assert False is True">tests/planner/test_task_planner.py:101: in test_is_complex_task
    assert await planner.is_complex_task(complex_input) is True
E   assert False is True</failure></testcase><testcase classname="tests.planner.test_task_planner.TestTaskPlanner" name="test_get_task_type" time="0.000" /><testcase classname="tests.planner.test_task_planner.TestTaskPlanner" name="test_task_priority" time="0.000"><failure message="AssertionError: assert &lt;TaskPriority.LOW: 'low'&gt; in [&lt;TaskPriority.URGENT: 'urgent'&gt;, &lt;TaskPriority.HIGH: 'high'&gt;]&#10; +  where &lt;TaskPriority.LOW: 'low'&gt; = TaskPlan(task_type=&lt;TaskType.OTHER: 'other'&gt;, priority=&lt;TaskPriority.LOW: 'low'&gt;, complexity=0.1828, steps=['分析任务需求', '执行任务'], estimated_time=65, requires_approval=False).priority">tests/planner/test_task_planner.py:130: in test_task_priority
    assert plan.priority in [TaskPriority.URGENT, TaskPriority.HIGH]
E   AssertionError: assert &lt;TaskPriority.LOW: 'low'&gt; in [&lt;TaskPriority.URGENT: 'urgent'&gt;, &lt;TaskPriority.HIGH: 'high'&gt;]
E    +  where &lt;TaskPriority.LOW: 'low'&gt; = TaskPlan(task_type=&lt;TaskType.OTHER: 'other'&gt;, priority=&lt;TaskPriority.LOW: 'low'&gt;, complexity=0.1828, steps=['分析任务需求', '执行任务'], estimated_time=65, requires_approval=False).priority</failure></testcase><testcase classname="tests.planner.test_task_planner.TestTaskPlanner" name="test_estimated_time" time="0.000"><failure message="AssertionError: assert 65 &lt; 60&#10; +  where 65 = TaskPlan(task_type=&lt;TaskType.OTHER: 'other'&gt;, priority=&lt;TaskPriority.LOW: 'low'&gt;, complexity=0.18306666666666666, steps=['分析任务需求', '执行任务'], estimated_time=65, requires_approval=False).estimated_time">tests/planner/test_task_planner.py:147: in test_estimated_time
    assert plan.estimated_time &lt; 60
E   AssertionError: assert 65 &lt; 60
E    +  where 65 = TaskPlan(task_type=&lt;TaskType.OTHER: 'other'&gt;, priority=&lt;TaskPriority.LOW: 'low'&gt;, complexity=0.18306666666666666, steps=['分析任务需求', '执行任务'], estimated_time=65, requires_approval=False).estimated_time</failure></testcase><testcase classname="tests.planner.test_task_planner.TestTaskPlanner" name="test_requires_approval" time="0.000" /><testcase classname="tests.subagent.test_agno_subagent.TestAgnoSubagentConfig" name="test_config_defaults" time="0.000" /><testcase classname="tests.subagent.test_agno_subagent.TestAgnoSubagentConfig" name="test_config_customization" time="0.000" /><testcase classname="tests.subagent.test_agno_subagent.TestAgnoSubagent" name="test_agno_subagent_creation" time="0.000" /><testcase classname="tests.subagent.test_agno_subagent.TestAgnoSubagent" name="test_agno_subagent_progress" time="0.000" /><testcase classname="tests.subagent.test_agno_subagent.TestAgnoSubagent" name="test_agno_subagent_status_transition" time="0.000" /><testcase classname="tests.subagent.test_agno_subagent.TestAgnoSubagentManager" name="test_manager_initialization" time="0.002" /><testcase classname="tests.subagent.test_agno_subagent.TestAgnoSubagentManager" name="test_spawn_subagent" time="0.003" /><testcase classname="tests.subagent.test_agno_subagent.TestAgnoSubagentManager" name="test_spawn_with_long_task" time="0.003" /><testcase classname="tests.subagent.test_agno_subagent.TestAgnoSubagentManager" name="test_cancel_subagent" time="0.001" /><testcase classname="tests.subagent.test_agno_subagent.TestAgnoSubagentManager" name="test_get_subagent_by_task_id" time="0.003" /><testcase classname="tests.subagent.test_agno_subagent.TestAgnoSubagentManager" name="test_running_count" time="0.001" /><testcase classname="tests.subagent.test_agno_subagent.TestAgnoSubagentManager" name="test_get_all_subagents" time="0.001" /><testcase classname="tests.subagent.test_agno_subagent.TestAgnoSubagentManager" name="test_get_task_manager" time="0.001" /><testcase classname="tests.subagent.test_agno_subagent.TestAgnoSubagentManager" name="test_get_progress_tracker" time="0.001" /><testcase classname="tests.subagent.test_hooks.TestHookType" name="test_hook_type_creation" time="0.000" /><testcase classname="tests.subagent.test_hooks.TestHookType" name="test_hook_type_comparison" time="0.000" /><testcase classname="tests.subagent.test_hooks.TestHookRegistration" name="test_hook_registration_creation" time="0.000" /><testcase classname="tests.subagent.test_hooks.TestSubagentHooks" name="test_initialization" time="0.000" /><testcase classname="tests.subagent.test_hooks.TestSubagentHooks" name="test_get_hook_types" time="0.000" /><testcase classname="tests.subagent.test_hooks.TestSubagentHooks" name="test_get_hook_type_details" time="0.000" /><testcase classname="tests.subagent.test_hooks.TestSubagentHooks" name="test_register_and_unregister_hook" time="0.001" /><testcase classname="tests.subagent.test_hooks.TestSubagentHooks" name="test_register_invalid_hook_type" time="0.001" /><testcase classname="tests.subagent.test_hooks.TestSubagentHooks" name="test_unregister_invalid_hook_type" time="0.001" /><testcase classname="tests.subagent.test_hooks.TestSubagentHooks" name="test_execute_hook" time="0.001" /><testcase classname="tests.subagent.test_hooks.TestSubagentHooks" name="test_execute_hook_with_arguments" time="0.001" /><testcase classname="tests.subagent.test_hooks.TestSubagentHooks" name="test_priority_order" time="0.001" /><testcase classname="tests.subagent.test_hooks.TestSubagentHooks" name="test_disable_and_enable_hook" time="0.001" /><testcase classname="tests.subagent.test_hooks.TestSubagentHooks" name="test_clear_hooks" time="0.001" /><testcase classname="tests.subagent.test_hooks.TestSubagentHooks" name="test_clear_hook_type" time="0.001" /><testcase classname="tests.subagent.test_hooks.TestSubagentHooks" name="test_list_hooks" time="0.001" /><testcase classname="tests.subagent.test_hooks.TestSubagentHooks" name="test_convenience_methods" time="0.001" /><testcase classname="tests.subagent.test_hooks.TestSubagentHooks" name="test_pre_run_hook" time="0.001" /><testcase classname="tests.subagent.test_hooks.TestSubagentHooks" name="test_post_run_hook" time="0.001" /><testcase classname="tests.subagent.test_hooks.TestSubagentHooks" name="test_register_tools_hook" time="0.001" /><testcase classname="tests.subagent.test_hooks.TestSubagentHooks" name="test_iteration_hooks" time="0.001" /><testcase classname="tests.subagent.test_hooks.TestSubagentHooks" name="test_tool_call_hooks" time="0.001" /><testcase classname="tests.subagent.test_hooks.TestSubagentHooks" name="test_complete_hooks" time="0.001" /><testcase classname="tests.subagent.test_hooks.TestSubagentHooks" name="test_cancel_hooks" time="0.001" /><testcase classname="tests.subagent.test_hooks.TestSubagentHooks" name="test_fail_hooks" time="0.001" /><testcase classname="tests.subagent.test_interrupt_handler.TestInterruptType" name="test_interrupt_type_creation" time="0.000" /><testcase classname="tests.subagent.test_interrupt_handler.TestInterruptRequest" name="test_interrupt_request_creation" time="0.000" /><testcase classname="tests.subagent.test_interrupt_handler.TestInterruptRequest" name="test_interrupt_request_processed" time="0.000" /><testcase classname="tests.subagent.test_interrupt_handler.TestInterruptHandler" name="test_initialization" time="0.000" /><testcase classname="tests.subagent.test_interrupt_handler.TestInterruptHandler" name="test_get_interrupt_type" time="0.000" /><testcase classname="tests.subagent.test_interrupt_handler.TestInterruptHandler" name="test_add_interrupt" time="0.001" /><testcase classname="tests.subagent.test_interrupt_handler.TestInterruptHandler" name="test_add_unknown_interrupt" time="0.001" /><testcase classname="tests.subagent.test_interrupt_handler.TestInterruptHandler" name="test_cancel_interrupt" time="0.001" /><testcase classname="tests.subagent.test_interrupt_handler.TestInterruptHandler" name="test_check_for_interrupt" time="0.001" /><testcase classname="tests.subagent.test_interrupt_handler.TestInterruptHandler" name="test_is_subagent_paused" time="0.000" /><testcase classname="tests.subagent.test_interrupt_handler.TestInterruptHandler" name="test_get_paused_subagents" time="0.000" /><testcase classname="tests.subagent.test_interrupt_handler.TestInterruptHandler" name="test_handle_message_interrupt_cancel" time="0.001" /><testcase classname="tests.subagent.test_interrupt_handler.TestInterruptHandler" name="test_handle_message_interrupt_pause" time="0.001" /><testcase classname="tests.subagent.test_interrupt_handler.TestInterruptHandler" name="test_handle_message_interrupt_correct" time="0.001" /><testcase classname="tests.subagent.test_interrupt_handler.TestInterruptHandler" name="test_handle_unknown_message" time="0.001" /><testcase classname="tests.subagent.test_interrupt_handler.TestInterruptHandler" name="test_cancel_all_interrupts" time="0.001" /><testcase classname="tests.subagent.test_interrupt_handler.TestInterruptHandler" name="test_pause_all_subagents" time="0.001" /><testcase classname="tests.subagent.test_interrupt_handler.TestInterruptHandler" name="test_resume_all_subagents" time="0.001" /><testcase classname="tests.subagent.test_interrupt_handler.TestInterruptHandler" name="test_wait_for_resume_immediate" time="0.001" /><testcase classname="tests.subagent.test_interrupt_handler.TestInterruptHandler" name="test_wait_for_resume_timeout" time="0.002" /><testcase classname="tests.subagent.test_interrupt_handler.TestInterruptHandler" name="test_handle_cancel_interrupt" time="0.001" /><testcase classname="tests.subagent.test_interrupt_handler.TestInterruptHandler" name="test_handle_pause_interrupt" time="0.001" /><testcase classname="tests.subagent.test_interrupt_handler.TestInterruptHandler" name="test_handle_resume_interrupt" time="0.001" /><testcase classname="tests.subagent.test_risk_evaluator.TestRiskLevel" name="test_risk_level_creation" time="0.000" /><testcase classname="tests.subagent.test_risk_evaluator.TestRiskLevel" name="test_risk_level_comparison" time="0.000" /><testcase classname="tests.subagent.test_risk_evaluator.TestRiskAssessment" name="test_risk_assessment_creation" time="0.000" /><testcase classname="tests.subagent.test_risk_evaluator.TestRiskEvaluator" name="test_initialization" time="0.000" /><testcase classname="tests.subagent.test_risk_evaluator.TestRiskEvaluator" name="test_is_high_risk_tool" time="0.000" /><testcase classname="tests.subagent.test_risk_evaluator.TestRiskEvaluator" name="test_add_restricted_command" time="0.000" /><testcase classname="tests.subagent.test_risk_evaluator.TestRiskEvaluator" name="test_remove_restricted_command" time="0.000" /><testcase classname="tests.subagent.test_risk_evaluator.TestRiskEvaluator" name="test_add_dangerous_pattern" time="0.000" /><testcase classname="tests.subagent.test_risk_evaluator.TestRiskEvaluator" name="test_remove_dangerous_pattern" time="0.000" /><testcase classname="tests.subagent.test_risk_evaluator.TestRiskEvaluator" name="test_evaluate_low_risk_tool" time="0.001" /><testcase classname="tests.subagent.test_risk_evaluator.TestRiskEvaluator" name="test_evaluate_high_risk_tool" time="0.001" /><testcase classname="tests.subagent.test_risk_evaluator.TestRiskEvaluator" name="test_evaluate_restricted_command" time="0.001" /><testcase classname="tests.subagent.test_risk_evaluator.TestRiskEvaluator" name="test_evaluate_dangerous_pattern" time="0.001" /><testcase classname="tests.subagent.test_risk_evaluator.TestRiskEvaluator" name="test_evaluate_command_safety" time="0.001" /><testcase classname="tests.subagent.test_risk_evaluator.TestRiskEvaluator" name="test_evaluate_custom_tool" time="0.001" /><testcase classname="tests.subagent.test_risk_evaluator.TestRiskEvaluator" name="test_evaluate_tool_calls_approve_all" time="0.001" /><testcase classname="tests.subagent.test_risk_evaluator.TestRiskEvaluator" name="test_evaluate_tool_calls_require_approval" time="0.001" /><testcase classname="tests.subagent.test_risk_evaluator.TestRiskEvaluator" name="test_request_approval" time="0.001" /><testcase classname="tests.subagent.test_risk_evaluator.TestRiskEvaluator" name="test_approve_operation" time="0.001" /><testcase classname="tests.subagent.test_risk_evaluator.TestRiskEvaluator" name="test_reject_operation" time="0.001" /><testcase classname="tests.test_context_compressor.TestContextCompressor" name="test_compress_short_content" time="0.000" /><testcase classname="tests.test_context_compressor.TestContextCompressor" name="test_compress_long_content" time="0.000" /><testcase classname="tests.test_context_compressor.TestContextCompressor" name="test_summarize_messages" time="0.000" /><testcase classname="tests.test_context_compressor.TestContextCompressor" name="test_summarize_empty_messages" time="0.000" /><testcase classname="tests.test_context_compressor.TestContextCompressor" name="test_compress_messages" time="0.000" /><testcase classname="tests.test_context_compressor.TestContextCompressor" name="test_compress_messages_with_system" time="0.000" /><testcase classname="tests.test_context_compressor.TestContextCompressor" name="test_compress_with_custom_token_limit" time="0.000" /><testcase classname="tests.test_context_compressor.TestContextCompressor" name="test_compress_with_zero_length_content" time="0.000" /><testcase classname="tests.test_context_compressor.TestContextCompressor" name="test_summary_includes_task_keywords" time="0.000" /><testcase classname="tests.test_context_compressor.TestContextCompressor" name="test_summary_includes_decisions" time="0.000" /><testcase classname="tests.test_context_compressor.TestContextCompressor" name="test_summary_includes_results" time="0.000" /><testcase classname="tests.test_context_expander.TestContextExpander" name="test_expand_with_task_type" time="0.001" /><testcase classname="tests.test_context_expander.TestContextExpander" name="test_expand_without_task_type" time="0.001" /><testcase classname="tests.test_context_expander.TestContextExpander" name="test_expand_unknown_task_type" time="0.001" /><testcase classname="tests.test_context_expander.TestContextExpander" name="test_load_skills" time="0.001" /><testcase classname="tests.test_context_expander.TestContextExpander" name="test_load_invalid_skills" time="0.001" /><testcase classname="tests.test_context_expander.TestContextExpander" name="test_expand_coding_task" time="0.001" /><testcase classname="tests.test_context_expander.TestContextExpander" name="test_expand_writing_task" time="0.001" /><testcase classname="tests.test_context_expander.TestContextExpander" name="test_expand_research_task" time="0.001" /><testcase classname="tests.test_context_expander.TestContextExpander" name="test_expand_security_task" time="0.001" /><testcase classname="tests.test_context_expander.TestContextExpander" name="test_expand_multiple_skills" time="0.001" /><testcase classname="tests.test_context_expander.TestContextExpander" name="test_expand_with_empty_base_context" time="0.001" /><testcase classname="tests.test_context_expander.TestContextExpander" name="test_expand_with_long_base_context" time="0.001" /><testcase classname="tests.test_context_manager.TestContextManager" name="test_build_context_basic" time="0.002" /><testcase classname="tests.test_context_manager.TestContextManager" name="test_build_context_with_task_type" time="0.002" /><testcase classname="tests.test_context_manager.TestContextManager" name="test_compress_context" time="0.002" /><testcase classname="tests.test_context_manager.TestContextManager" name="test_expand_context" time="0.002" /><testcase classname="tests.test_context_manager.TestContextManager" name="test_build_context_with_memory" time="0.003" /><testcase classname="tests.test_context_manager.TestContextManager" name="test_build_context_with_unknown_task_type" time="0.002" /><testcase classname="tests.test_context_manager.TestContextManager" name="test_context_compression_accuracy" time="0.002" /><testcase classname="tests.test_context_manager.TestContextManager" name="test_memory_search" time="0.003" /><testcase classname="tests.test_context_manager.TestContextManager" name="test_skill_loading" time="0.002" /><testcase classname="tests.test_context_manager.TestContextManager" name="test_skill_validation" time="0.002" /><testcase classname="tests.test_enhanced_memory.TestEnhancedMemoryStore" name="test_add_and_retrieve_memory" time="0.001" /><testcase classname="tests.test_enhanced_memory.TestEnhancedMemoryStore" name="test_search_memory" time="0.001" /><testcase classname="tests.test_enhanced_memory.TestEnhancedMemoryStore" name="test_get_task_memories" time="0.001" /><testcase classname="tests.test_enhanced_memory.TestEnhancedMemoryStore" name="test_update_memory" time="0.001" /><testcase classname="tests.test_enhanced_memory.TestEnhancedMemoryStore" name="test_delete_memory" time="0.001" /><testcase classname="tests.test_enhanced_memory.TestEnhancedMemoryStore" name="test_search_with_empty_query" time="0.001" /><testcase classname="tests.test_enhanced_memory.TestEnhancedMemoryStore" name="test_search_with_multiple_tags" time="0.001" /><testcase classname="tests.test_enhanced_memory.TestEnhancedMemoryStore" name="test_memory_importance" time="0.001" /><testcase classname="tests.test_enhanced_memory.TestEnhancedMemoryStore" name="test_clean_old_memories" time="0.001" /><testcase classname="tests.test_enhanced_memory.TestEnhancedMemoryStore" name="test_clear_task_memories" time="0.001" /><testcase classname="tests.test_enhanced_memory.TestEnhancedMemoryStore" name="test_search_with_limit" time="0.003" /><testcase classname="tests.test_main_agent" name="test_main_agent_initialization" time="0.002" /><testcase classname="tests.test_main_agent" name="test_process_message_new_task" time="0.002" /><testcase classname="tests.test_main_agent" name="test_process_message_with_error" time="0.002" /><testcase classname="tests.test_main_agent" name="test_process_message_cancellation" time="0.001" /><testcase classname="tests.test_main_agent" name="test_process_message_correction" time="0.002" /><testcase classname="tests.test_main_agent" name="test_main_agent_get_status" time="0.002" /><testcase classname="tests.test_main_agent_hooks" name="test_base_hooks_on_message_receive" time="0.000" /><testcase classname="tests.test_main_agent_hooks" name="test_base_hooks_before_planning" time="0.000" /><testcase classname="tests.test_main_agent_hooks" name="test_base_hooks_after_planning" time="0.000" /><testcase classname="tests.test_main_agent_hooks" name="test_base_hooks_before_decision" time="0.000" /><testcase classname="tests.test_main_agent_hooks" name="test_base_hooks_after_decision" time="0.000" /><testcase classname="tests.test_main_agent_hooks" name="test_base_hooks_on_subagent_spawn" time="0.000" /><testcase classname="tests.test_main_agent_hooks" name="test_base_hooks_on_subagent_result" time="0.000" /><testcase classname="tests.test_main_agent_hooks" name="test_base_hooks_on_subagent_interrupt" time="0.000" /><testcase classname="tests.test_main_agent_hooks" name="test_base_hooks_on_task_cancelled" time="0.000" /><testcase classname="tests.test_main_agent_hooks" name="test_base_hooks_on_response_send" time="0.000" /><testcase classname="tests.test_main_agent_hooks" name="test_base_hooks_on_error" time="0.000" /><testcase classname="tests.test_main_agent_hooks" name="test_logging_hooks_decorator" time="0.000" /><testcase classname="tests.test_main_agent_hooks" name="test_metrics_hooks_decorator" time="0.000" /><testcase classname="tests.test_main_agent_hooks" name="test_hook_result_creation" time="0.000" /><testcase classname="tests.test_main_agent_hooks" name="test_hooks_decorator_chain" time="0.000" /><testcase classname="tests.test_skill_loader.TestSkillLoader" name="test_load_skills_for_task" time="0.001" /><testcase classname="tests.test_skill_loader.TestSkillLoader" name="test_load_skills_with_explicit_skills" time="0.001" /><testcase classname="tests.test_skill_loader.TestSkillLoader" name="test_load_skills_for_unknown_task" time="0.001" /><testcase classname="tests.test_skill_loader.TestSkillLoader" name="test_load_skills_default_only" time="0.001" /><testcase classname="tests.test_skill_loader.TestSkillLoader" name="test_validate_skills" time="0.001" /><testcase classname="tests.test_skill_loader.TestSkillLoader" name="test_validate_all_valid_skills" time="0.001" /><testcase classname="tests.test_skill_loader.TestSkillLoader" name="test_validate_no_skills" time="0.001" /><testcase classname="tests.test_skill_loader.TestSkillLoader" name="test_validate_all_invalid_skills" time="0.001" /><testcase classname="tests.test_skill_loader.TestSkillLoader" name="test_load_skill_content" time="0.001" /><testcase classname="tests.test_skill_loader.TestSkillLoader" name="test_load_unknown_skill_content" time="0.001" /><testcase classname="tests.test_skill_loader.TestSkillLoader" name="test_get_task_type_mapping" time="0.001" /><testcase classname="tests.test_skill_loader.TestSkillLoader" name="test_skills_for_planning_task" time="0.001" /><testcase classname="tests.test_skill_loader.TestSkillLoader" name="test_skills_for_security_task" time="0.001" /><testcase classname="tests.test_skill_loader.TestSkillLoader" name="test_skills_for_writing_task" time="0.001" /><testcase classname="tests.test_subagent_manager" name="test_subagent_manager_initialization" time="0.000" /><testcase classname="tests.test_subagent_manager" name="test_spawn_subagent" time="0.001" /><testcase classname="tests.test_subagent_manager" name="test_get_subagent_status" time="0.000" /><testcase classname="tests.test_subagent_manager" name="test_cancel_subagent" time="0.001" /><testcase classname="tests.test_subagent_manager" name="test_interrupt_subagent" time="0.001" /><testcase classname="tests.test_subagent_manager" name="test_get_running_tasks" time="0.103" /><testcase classname="tests.test_subagent_manager" name="test_get_completed_tasks" time="0.105" /><testcase classname="tests.test_subagent_manager" name="test_register_and_unregister_callback" time="0.107" /><testcase classname="tests.test_subagent_manager" name="test_cleanup_subagent" time="0.105" /><testcase classname="tests.test_subagent_manager" name="test_cleanup_all" time="0.107" /><testcase classname="tests.test_tool_validation" name="test_validate_params_missing_required" time="0.000" /><testcase classname="tests.test_tool_validation" name="test_validate_params_type_and_range" time="0.000" /><testcase classname="tests.test_tool_validation" name="test_validate_params_enum_and_min_length" time="0.000" /><testcase classname="tests.test_tool_validation" name="test_validate_params_nested_object_and_array" time="0.000" /><testcase classname="tests.test_tool_validation" name="test_validate_params_ignores_unknown_fields" time="0.000" /><testcase classname="tests.test_tool_validation" name="test_registry_returns_validation_error" time="0.003" /></testsuite></testsuites>